2021-03-25 19:17:14 INFO  main com.sqltest.SqlApplication Starting SqlApplication on SC-201710191116 with PID 11576 (E:\javaEE_work\com-practice\com-sqltest\target\classes started by Administrator in E:\javaEE_work\com-practice)
2021-03-25 19:17:14 INFO  main com.sqltest.SqlApplication No active profile set, falling back to default profiles: default
2021-03-25 19:17:14 INFO  main org.springframework.boot.web.servlet.context.AnnotationConfigServletWebServerApplicationContext Refreshing org.springframework.boot.web.servlet.context.AnnotationConfigServletWebServerApplicationContext@6b2ea799: startup date [Thu Mar 25 19:17:14 CST 2021]; root of context hierarchy
2021-03-25 19:17:16 INFO  main org.springframework.boot.web.embedded.tomcat.TomcatWebServer Tomcat initialized with port(s): 8081 (http)
2021-03-25 19:17:16 INFO  main org.apache.coyote.http11.Http11NioProtocol Initializing ProtocolHandler ["http-nio-8081"]
2021-03-25 19:17:16 INFO  main org.apache.catalina.core.StandardService Starting service [Tomcat]
2021-03-25 19:17:16 INFO  main org.apache.catalina.core.StandardEngine Starting Servlet Engine: Apache Tomcat/8.5.34
2021-03-25 19:17:16 INFO  localhost-startStop-1 org.apache.catalina.core.AprLifecycleListener The APR based Apache Tomcat Native library which allows optimal performance in production environments was not found on the java.library.path: [E:\tools\jdk1.8\bin;C:\WINDOWS\Sun\Java\bin;C:\WINDOWS\system32;C:\WINDOWS;C:\Program Files (x86)\Common Files\Oracle\Java\javapath;C:\Windows\system32;C:\Windows;C:\Windows\System32\Wbem;C:\Windows\System32\WindowsPowerShell\v1.0\;C:\WINDOWS\system32;C:\WINDOWS;C:\WINDOWS\System32\Wbem;C:\WINDOWS\System32\WindowsPowerShell\v1.0\;E:\mysql\mysql-8.0.11-winx64\bin;E:\tools\jdk1.8\bin;E:\tools\jdk1.8\jre\bin;E:\tools\apache-tomcat-7.0.52\bin;E:\tools\apache-tomcat-7.0.52\lib;E:\tools\maven\apache-maven-3.6.0\bin;E:\tools\orcal-c\instantclient_12_1;E:\Program Files\nodejs\;C:\WINDOWS\system32;C:\WINDOWS;C:\WINDOWS\System32\Wbem;C:\WINDOWS\System32\WindowsPowerShell\v1.0\;C:\WINDOWS\System32\OpenSSH\;E:\tools\Git\cmd;C:\Program Files (x86)\NVIDIA Corporation\PhysX\Common;C:\Users\Administrator\AppData\Local\Microsoft\WindowsApps;E:\tools\SSH Secure Shell;C:\Users\Administrator\AppData\Local\BypassRuntm;E:\Program Files\nodejs\node_global;;%USERPROFILE%\AppData\Local\Microsoft\WindowsApps;.]
2021-03-25 19:17:16 INFO  localhost-startStop-1 org.apache.catalina.core.ContainerBase.[Tomcat].[localhost].[/] Initializing Spring embedded WebApplicationContext
2021-03-25 19:17:16 INFO  localhost-startStop-1 org.springframework.web.context.ContextLoader Root WebApplicationContext: initialization completed in 1471 ms
2021-03-25 19:17:16 INFO  localhost-startStop-1 org.springframework.boot.web.servlet.ServletRegistrationBean Servlet dispatcherServlet mapped to [/]
2021-03-25 19:17:16 INFO  localhost-startStop-1 org.springframework.boot.web.servlet.FilterRegistrationBean Mapping filter: 'characterEncodingFilter' to: [/*]
2021-03-25 19:17:16 INFO  localhost-startStop-1 org.springframework.boot.web.servlet.FilterRegistrationBean Mapping filter: 'hiddenHttpMethodFilter' to: [/*]
2021-03-25 19:17:16 INFO  localhost-startStop-1 org.springframework.boot.web.servlet.FilterRegistrationBean Mapping filter: 'httpPutFormContentFilter' to: [/*]
2021-03-25 19:17:16 INFO  localhost-startStop-1 org.springframework.boot.web.servlet.FilterRegistrationBean Mapping filter: 'requestContextFilter' to: [/*]
2021-03-25 19:17:16 INFO  main org.springframework.web.servlet.handler.SimpleUrlHandlerMapping Mapped URL path [/**/favicon.ico] onto handler of type [class org.springframework.web.servlet.resource.ResourceHttpRequestHandler]
2021-03-25 19:17:16 INFO  main org.springframework.web.servlet.mvc.method.annotation.RequestMappingHandlerAdapter Looking for @ControllerAdvice: org.springframework.boot.web.servlet.context.AnnotationConfigServletWebServerApplicationContext@6b2ea799: startup date [Thu Mar 25 19:17:14 CST 2021]; root of context hierarchy
2021-03-25 19:17:16 INFO  main org.springframework.web.servlet.mvc.method.annotation.RequestMappingHandlerMapping Mapped "{[/product/findProdNames]}" onto public java.util.List<java.lang.String> com.sqltest.controller.ProductController.findProdNames()
2021-03-25 19:17:16 INFO  main org.springframework.web.servlet.mvc.method.annotation.RequestMappingHandlerMapping Mapped "{[/product/findAll]}" onto public java.util.List<com.sqltest.entity.Product> com.sqltest.controller.ProductController.findAll()
2021-03-25 19:17:16 INFO  main org.springframework.web.servlet.mvc.method.annotation.RequestMappingHandlerMapping Mapped "{[/product/findColumns],methods=[POST]}" onto public java.util.List<java.lang.String> com.sqltest.controller.ProductController.findColumns(java.lang.String)
2021-03-25 19:17:16 INFO  main org.springframework.web.servlet.mvc.method.annotation.RequestMappingHandlerMapping Mapped "{[/product/findProductByLimit]}" onto public java.util.List<com.sqltest.entity.Product> com.sqltest.controller.ProductController.findProductByLimit(java.lang.Integer,java.lang.Integer)
2021-03-25 19:17:16 INFO  main org.springframework.web.servlet.mvc.method.annotation.RequestMappingHandlerMapping Mapped "{[/vendor/findAll]}" onto public java.util.List<com.sqltest.entity.Vendor> com.sqltest.controller.VendorController.findAll()
2021-03-25 19:17:16 INFO  main org.springframework.web.servlet.mvc.method.annotation.RequestMappingHandlerMapping Mapped "{[/error]}" onto public org.springframework.http.ResponseEntity<java.util.Map<java.lang.String, java.lang.Object>> org.springframework.boot.autoconfigure.web.servlet.error.BasicErrorController.error(javax.servlet.http.HttpServletRequest)
2021-03-25 19:17:16 INFO  main org.springframework.web.servlet.mvc.method.annotation.RequestMappingHandlerMapping Mapped "{[/error],produces=[text/html]}" onto public org.springframework.web.servlet.ModelAndView org.springframework.boot.autoconfigure.web.servlet.error.BasicErrorController.errorHtml(javax.servlet.http.HttpServletRequest,javax.servlet.http.HttpServletResponse)
2021-03-25 19:17:16 INFO  main org.springframework.web.servlet.handler.SimpleUrlHandlerMapping Mapped URL path [/webjars/**] onto handler of type [class org.springframework.web.servlet.resource.ResourceHttpRequestHandler]
2021-03-25 19:17:16 INFO  main org.springframework.web.servlet.handler.SimpleUrlHandlerMapping Mapped URL path [/**] onto handler of type [class org.springframework.web.servlet.resource.ResourceHttpRequestHandler]
2021-03-25 19:17:16 INFO  main org.springframework.jmx.export.annotation.AnnotationMBeanExporter Registering beans for JMX exposure on startup
2021-03-25 19:17:16 INFO  main org.springframework.jmx.export.annotation.AnnotationMBeanExporter Bean with name 'dataSource' has been autodetected for JMX exposure
2021-03-25 19:17:16 INFO  main org.springframework.jmx.export.annotation.AnnotationMBeanExporter Located MBean 'dataSource': registering with JMX server as MBean [com.zaxxer.hikari:name=dataSource,type=HikariDataSource]
2021-03-25 19:17:16 INFO  main org.apache.coyote.http11.Http11NioProtocol Starting ProtocolHandler ["http-nio-8081"]
2021-03-25 19:17:16 INFO  main org.apache.tomcat.util.net.NioSelectorPool Using a shared selector for servlet write/read
2021-03-25 19:17:16 INFO  main org.springframework.boot.web.embedded.tomcat.TomcatWebServer Tomcat started on port(s): 8081 (http) with context path ''
2021-03-25 19:17:16 INFO  main com.sqltest.SqlApplication Started SqlApplication in 3.03 seconds (JVM running for 4.161)
2021-03-25 19:18:05 INFO  http-nio-8081-exec-1 org.apache.catalina.core.ContainerBase.[Tomcat].[localhost].[/] Initializing Spring FrameworkServlet 'dispatcherServlet'
2021-03-25 19:18:05 INFO  http-nio-8081-exec-1 org.springframework.web.servlet.DispatcherServlet FrameworkServlet 'dispatcherServlet': initialization started
2021-03-25 19:18:05 INFO  http-nio-8081-exec-1 org.springframework.web.servlet.DispatcherServlet FrameworkServlet 'dispatcherServlet': initialization completed in 17 ms
2021-03-25 19:18:05 INFO  http-nio-8081-exec-1 com.zaxxer.hikari.HikariDataSource HikariPool-1 - Starting...
2021-03-25 19:18:05 INFO  http-nio-8081-exec-1 com.zaxxer.hikari.HikariDataSource HikariPool-1 - Start completed.
2021-03-25 19:20:44 INFO  main com.sqltest.SqlApplication Starting SqlApplication on SC-201710191116 with PID 15516 (E:\javaEE_work\com-practice\com-sqltest\target\classes started by Administrator in E:\javaEE_work\com-practice)
2021-03-25 19:20:44 INFO  main com.sqltest.SqlApplication No active profile set, falling back to default profiles: default
2021-03-25 19:20:44 INFO  main org.springframework.boot.web.servlet.context.AnnotationConfigServletWebServerApplicationContext Refreshing org.springframework.boot.web.servlet.context.AnnotationConfigServletWebServerApplicationContext@6b2ea799: startup date [Thu Mar 25 19:20:44 CST 2021]; root of context hierarchy
2021-03-25 19:28:08 INFO  main com.sqltest.SqlApplication Starting SqlApplication on SC-201710191116 with PID 9900 (E:\javaEE_work\com-practice\com-sqltest\target\classes started by Administrator in E:\javaEE_work\com-practice)
2021-03-25 19:28:08 INFO  main com.sqltest.SqlApplication No active profile set, falling back to default profiles: default
2021-03-25 19:28:08 INFO  main org.springframework.boot.web.servlet.context.AnnotationConfigServletWebServerApplicationContext Refreshing org.springframework.boot.web.servlet.context.AnnotationConfigServletWebServerApplicationContext@5e0e82ae: startup date [Thu Mar 25 19:28:08 CST 2021]; root of context hierarchy
2021-03-25 19:28:10 INFO  main org.springframework.boot.web.embedded.tomcat.TomcatWebServer Tomcat initialized with port(s): 8081 (http)
2021-03-25 19:28:10 INFO  main org.apache.coyote.http11.Http11NioProtocol Initializing ProtocolHandler ["http-nio-8081"]
2021-03-25 19:28:10 INFO  main org.apache.catalina.core.StandardService Starting service [Tomcat]
2021-03-25 19:28:10 INFO  main org.apache.catalina.core.StandardEngine Starting Servlet Engine: Apache Tomcat/8.5.34
2021-03-25 19:28:10 INFO  localhost-startStop-1 org.apache.catalina.core.AprLifecycleListener The APR based Apache Tomcat Native library which allows optimal performance in production environments was not found on the java.library.path: [E:\tools\jdk1.8\bin;C:\WINDOWS\Sun\Java\bin;C:\WINDOWS\system32;C:\WINDOWS;C:\Program Files (x86)\Common Files\Oracle\Java\javapath;C:\Windows\system32;C:\Windows;C:\Windows\System32\Wbem;C:\Windows\System32\WindowsPowerShell\v1.0\;C:\WINDOWS\system32;C:\WINDOWS;C:\WINDOWS\System32\Wbem;C:\WINDOWS\System32\WindowsPowerShell\v1.0\;E:\mysql\mysql-8.0.11-winx64\bin;E:\tools\jdk1.8\bin;E:\tools\jdk1.8\jre\bin;E:\tools\apache-tomcat-7.0.52\bin;E:\tools\apache-tomcat-7.0.52\lib;E:\tools\maven\apache-maven-3.6.0\bin;E:\tools\orcal-c\instantclient_12_1;E:\Program Files\nodejs\;C:\WINDOWS\system32;C:\WINDOWS;C:\WINDOWS\System32\Wbem;C:\WINDOWS\System32\WindowsPowerShell\v1.0\;C:\WINDOWS\System32\OpenSSH\;E:\tools\Git\cmd;C:\Program Files (x86)\NVIDIA Corporation\PhysX\Common;C:\Users\Administrator\AppData\Local\Microsoft\WindowsApps;E:\tools\SSH Secure Shell;C:\Users\Administrator\AppData\Local\BypassRuntm;E:\Program Files\nodejs\node_global;;%USERPROFILE%\AppData\Local\Microsoft\WindowsApps;.]
2021-03-25 19:28:10 INFO  localhost-startStop-1 org.apache.catalina.core.ContainerBase.[Tomcat].[localhost].[/] Initializing Spring embedded WebApplicationContext
2021-03-25 19:28:10 INFO  localhost-startStop-1 org.springframework.web.context.ContextLoader Root WebApplicationContext: initialization completed in 2149 ms
2021-03-25 19:28:11 INFO  localhost-startStop-1 org.springframework.boot.web.servlet.ServletRegistrationBean Servlet dispatcherServlet mapped to [/]
2021-03-25 19:28:11 INFO  localhost-startStop-1 org.springframework.boot.web.servlet.FilterRegistrationBean Mapping filter: 'characterEncodingFilter' to: [/*]
2021-03-25 19:28:11 INFO  localhost-startStop-1 org.springframework.boot.web.servlet.FilterRegistrationBean Mapping filter: 'hiddenHttpMethodFilter' to: [/*]
2021-03-25 19:28:11 INFO  localhost-startStop-1 org.springframework.boot.web.servlet.FilterRegistrationBean Mapping filter: 'httpPutFormContentFilter' to: [/*]
2021-03-25 19:28:11 INFO  localhost-startStop-1 org.springframework.boot.web.servlet.FilterRegistrationBean Mapping filter: 'requestContextFilter' to: [/*]
2021-03-25 19:28:11 INFO  main org.springframework.web.servlet.handler.SimpleUrlHandlerMapping Mapped URL path [/**/favicon.ico] onto handler of type [class org.springframework.web.servlet.resource.ResourceHttpRequestHandler]
2021-03-25 19:28:11 INFO  main org.springframework.web.servlet.mvc.method.annotation.RequestMappingHandlerAdapter Looking for @ControllerAdvice: org.springframework.boot.web.servlet.context.AnnotationConfigServletWebServerApplicationContext@5e0e82ae: startup date [Thu Mar 25 19:28:08 CST 2021]; root of context hierarchy
2021-03-25 19:28:11 INFO  main org.springframework.web.servlet.mvc.method.annotation.RequestMappingHandlerMapping Mapped "{[/product/findProductByLimit]}" onto public java.util.List<com.sqltest.entity.Product> com.sqltest.controller.ProductController.findProductByLimit(java.lang.String,java.lang.String)
2021-03-25 19:28:11 INFO  main org.springframework.web.servlet.mvc.method.annotation.RequestMappingHandlerMapping Mapped "{[/product/findProdNames]}" onto public java.util.List<java.lang.String> com.sqltest.controller.ProductController.findProdNames()
2021-03-25 19:28:11 INFO  main org.springframework.web.servlet.mvc.method.annotation.RequestMappingHandlerMapping Mapped "{[/product/findAll]}" onto public java.util.List<com.sqltest.entity.Product> com.sqltest.controller.ProductController.findAll()
2021-03-25 19:28:11 INFO  main org.springframework.web.servlet.mvc.method.annotation.RequestMappingHandlerMapping Mapped "{[/product/findColumns],methods=[POST]}" onto public java.util.List<java.lang.String> com.sqltest.controller.ProductController.findColumns(java.lang.String)
2021-03-25 19:28:11 INFO  main org.springframework.web.servlet.mvc.method.annotation.RequestMappingHandlerMapping Mapped "{[/vendor/findAll]}" onto public java.util.List<com.sqltest.entity.Vendor> com.sqltest.controller.VendorController.findAll()
2021-03-25 19:28:11 INFO  main org.springframework.web.servlet.mvc.method.annotation.RequestMappingHandlerMapping Mapped "{[/error]}" onto public org.springframework.http.ResponseEntity<java.util.Map<java.lang.String, java.lang.Object>> org.springframework.boot.autoconfigure.web.servlet.error.BasicErrorController.error(javax.servlet.http.HttpServletRequest)
2021-03-25 19:28:11 INFO  main org.springframework.web.servlet.mvc.method.annotation.RequestMappingHandlerMapping Mapped "{[/error],produces=[text/html]}" onto public org.springframework.web.servlet.ModelAndView org.springframework.boot.autoconfigure.web.servlet.error.BasicErrorController.errorHtml(javax.servlet.http.HttpServletRequest,javax.servlet.http.HttpServletResponse)
2021-03-25 19:28:11 INFO  main org.springframework.web.servlet.handler.SimpleUrlHandlerMapping Mapped URL path [/webjars/**] onto handler of type [class org.springframework.web.servlet.resource.ResourceHttpRequestHandler]
2021-03-25 19:28:11 INFO  main org.springframework.web.servlet.handler.SimpleUrlHandlerMapping Mapped URL path [/**] onto handler of type [class org.springframework.web.servlet.resource.ResourceHttpRequestHandler]
2021-03-25 19:28:11 INFO  main org.springframework.jmx.export.annotation.AnnotationMBeanExporter Registering beans for JMX exposure on startup
2021-03-25 19:28:11 INFO  main org.springframework.jmx.export.annotation.AnnotationMBeanExporter Bean with name 'dataSource' has been autodetected for JMX exposure
2021-03-25 19:28:11 INFO  main org.springframework.jmx.export.annotation.AnnotationMBeanExporter Located MBean 'dataSource': registering with JMX server as MBean [com.zaxxer.hikari:name=dataSource,type=HikariDataSource]
2021-03-25 19:28:11 INFO  main org.apache.coyote.http11.Http11NioProtocol Starting ProtocolHandler ["http-nio-8081"]
2021-03-25 19:28:11 INFO  main org.apache.tomcat.util.net.NioSelectorPool Using a shared selector for servlet write/read
2021-03-25 19:28:11 INFO  main org.springframework.boot.web.embedded.tomcat.TomcatWebServer Tomcat started on port(s): 8081 (http) with context path ''
2021-03-25 19:28:11 INFO  main com.sqltest.SqlApplication Started SqlApplication in 3.711 seconds (JVM running for 4.906)
2021-03-25 19:28:18 INFO  http-nio-8081-exec-1 org.apache.catalina.core.ContainerBase.[Tomcat].[localhost].[/] Initializing Spring FrameworkServlet 'dispatcherServlet'
2021-03-25 19:28:18 INFO  http-nio-8081-exec-1 org.springframework.web.servlet.DispatcherServlet FrameworkServlet 'dispatcherServlet': initialization started
2021-03-25 19:28:18 INFO  http-nio-8081-exec-1 org.springframework.web.servlet.DispatcherServlet FrameworkServlet 'dispatcherServlet': initialization completed in 27 ms
2021-03-25 19:28:18 INFO  http-nio-8081-exec-1 com.zaxxer.hikari.HikariDataSource HikariPool-1 - Starting...
2021-03-25 19:28:18 INFO  http-nio-8081-exec-1 com.zaxxer.hikari.HikariDataSource HikariPool-1 - Start completed.
